<?xml version="1.0" encoding="UTF-8"?>
<testsuite xmlns:xsi="http://www.w3.org/2001/XMLSchema-instance" xsi:noNamespaceSchemaLocation="https://maven.apache.org/surefire/maven-surefire-plugin/xsd/surefire-test-report-3.0.xsd" version="3.0" name="TestSuite" time="0.543" tests="1" errors="0" skipped="0" failures="1">
  <properties>
[...]
</properties>
  <testcase name="setUpClass[org.testng.TestRunner@6e2829c7](0)" classname="com.revature.bugcatcher.Runner" time="0.444">
    <failure message="Failed to parse resource at: classpath:features/matrix/matrix.feature&#10;(1:1): expected: #EOF, #Language, #TagLine, #FeatureLine, #Comment, #Empty, got &apos;`Feature: Matrix&apos;&#10;(4:5): expected: #EOF, #Language, #TagLine, #FeatureLine, #Comment, #Empty, got &apos;Background: Manager is logged in&apos;&#10;(5:9): expected: #EOF, #Language, #TagLine, #FeatureLine, #Comment, #Empty, got &apos;Given The employee is on the login page&apos;&#10;(6:9): expected: #EOF, #Language, #TagLine, #FeatureLine, #Comment, #Empty, got &apos;When  The employee types &lt;username&gt; into username input&apos;&#10;(7:9): expected: #EOF, #Language, #TagLine, #FeatureLine, #Comment, #Empty, got &apos;When The employee types &lt;password&gt; into password input&apos;&#10;(8:9): expected: #EOF, #Language, #TagLine, #FeatureLine, #Comment, #Empty, got &apos;When The employee clicks on the login button&apos;&#10;(9:9): expected: #EOF, #Language, #TagLine, #FeatureLine, #Comment, #Empty, got &apos;Then the employee should be on the &lt;role&gt; page&apos;&#10;(12:5): expected: #EOF, #Language, #TagLine, #FeatureLine, #Comment, #Empty, got &apos;Scenario: Create a New Matrix&apos;&#10;(13:9): expected: #EOF, #Language, #TagLine, #FeatureLine, #Comment, #Empty, got &apos;Given A manager is on their home page&apos;&#10;(14:9): expected: #EOF, #Language, #TagLine, #FeatureLine, #Comment, #Empty, got &apos;Then A manager can pull up a form to make a new matrix&apos;&#10;(15:9): expected: #EOF, #Language, #TagLine, #FeatureLine, #Comment, #Empty, got &apos;When A manager creates a title for a matrix&apos;" type="io.cucumber.core.gherkin.FeatureParserException"><![CDATA[io.cucumber.core.gherkin.FeatureParserException: 
Failed to parse resource at: classpath:features/matrix/matrix.feature
(1:1): expected: #EOF, #Language, #TagLine, #FeatureLine, #Comment, #Empty, got '`Feature: Matrix'
(4:5): expected: #EOF, #Language, #TagLine, #FeatureLine, #Comment, #Empty, got 'Background: Manager is logged in'
(5:9): expected: #EOF, #Language, #TagLine, #FeatureLine, #Comment, #Empty, got 'Given The employee is on the login page'
(6:9): expected: #EOF, #Language, #TagLine, #FeatureLine, #Comment, #Empty, got 'When  The employee types <username> into username input'
(7:9): expected: #EOF, #Language, #TagLine, #FeatureLine, #Comment, #Empty, got 'When The employee types <password> into password input'
(8:9): expected: #EOF, #Language, #TagLine, #FeatureLine, #Comment, #Empty, got 'When The employee clicks on the login button'
(9:9): expected: #EOF, #Language, #TagLine, #FeatureLine, #Comment, #Empty, got 'Then the employee should be on the <role> page'
(12:5): expected: #EOF, #Language, #TagLine, #FeatureLine, #Comment, #Empty, got 'Scenario: Create a New Matrix'
(13:9): expected: #EOF, #Language, #TagLine, #FeatureLine, #Comment, #Empty, got 'Given A manager is on their home page'
(14:9): expected: #EOF, #Language, #TagLine, #FeatureLine, #Comment, #Empty, got 'Then A manager can pull up a form to make a new matrix'
(15:9): expected: #EOF, #Language, #TagLine, #FeatureLine, #Comment, #Empty, got 'When A manager creates a title for a matrix'
	at io.cucumber.core.gherkin.messages.GherkinMessagesFeatureParser.parse(GherkinMessagesFeatureParser.java:43)
	at io.cucumber.core.feature.FeatureParser.parseResource(FeatureParser.java:45)
	at java.base/java.util.function.BiFunction.lambda$andThen$0(BiFunction.java:70)
	at io.cucumber.core.resource.ResourceScanner.lambda$processResource$1(ResourceScanner.java:79)
	at io.cucumber.core.resource.PathScanner$ResourceFileVisitor.visitFile(PathScanner.java:75)
	at io.cucumber.core.resource.PathScanner$ResourceFileVisitor.visitFile(PathScanner.java:60)
	at java.base/java.nio.file.Files.walkFileTree(Files.java:2810)
	at io.cucumber.core.resource.PathScanner.findResourcesForPath(PathScanner.java:53)
	at io.cucumber.core.resource.PathScanner.findResourcesForUri(PathScanner.java:31)
	at io.cucumber.core.resource.ResourceScanner.findResourcesForUri(ResourceScanner.java:61)
	at io.cucumber.core.resource.ResourceScanner.lambda$findResourcesForUris$3(ResourceScanner.java:104)
	at java.base/java.util.stream.ReferencePipeline$3$1.accept(ReferencePipeline.java:197)
	at java.base/java.util.ArrayList$ArrayListSpliterator.forEachRemaining(ArrayList.java:1625)
	at java.base/java.util.stream.AbstractPipeline.copyInto(AbstractPipeline.java:509)
	at java.base/java.util.stream.AbstractPipeline.wrapAndCopyInto(AbstractPipeline.java:499)
	at java.base/java.util.stream.ReduceOps$ReduceOp.evaluateSequential(ReduceOps.java:921)
	at java.base/java.util.stream.AbstractPipeline.evaluate(AbstractPipeline.java:234)
	at java.base/java.util.stream.ReferencePipeline.collect(ReferencePipeline.java:682)
	at io.cucumber.core.resource.ResourceScanner.findResourcesForUris(ResourceScanner.java:107)
	at io.cucumber.core.resource.ResourceScanner.scanForClasspathResource(ResourceScanner.java:115)
	at io.cucumber.core.resource.ResourceScanner.scanForResourcesUri(ResourceScanner.java:131)
	at io.cucumber.core.runtime.FeaturePathFeatureSupplier.loadFeatures(FeaturePathFeatureSupplier.java:62)
	at io.cucumber.core.runtime.FeaturePathFeatureSupplier.get(FeaturePathFeatureSupplier.java:45)
	at io.cucumber.testng.TestNGCucumberRunner.<init>(TestNGCucumberRunner.java:122)
	at io.cucumber.testng.AbstractTestNGCucumberTests.setUpClass(AbstractTestNGCucumberTests.java:27)
	at java.base/jdk.internal.reflect.DirectMethodHandleAccessor.invoke(DirectMethodHandleAccessor.java:104)
	at java.base/java.lang.reflect.Method.invoke(Method.java:578)
	at org.testng.internal.invokers.MethodInvocationHelper.invokeMethod(MethodInvocationHelper.java:139)
	at org.testng.internal.invokers.MethodInvocationHelper.invokeMethodConsideringTimeout(MethodInvocationHelper.java:69)
	at org.testng.internal.invokers.ConfigInvoker.invokeConfigurationMethod(ConfigInvoker.java:361)
	at org.testng.internal.invokers.ConfigInvoker.invokeConfigurations(ConfigInvoker.java:296)
	at org.testng.internal.invokers.TestMethodWorker.invokeBeforeClassMethods(TestMethodWorker.java:180)
	at org.testng.internal.invokers.TestMethodWorker.run(TestMethodWorker.java:122)
	at java.base/java.util.ArrayList.forEach(ArrayList.java:1511)
	at org.testng.TestRunner.privateRun(TestRunner.java:806)
	at org.testng.TestRunner.run(TestRunner.java:601)
	at org.testng.SuiteRunner.runTest(SuiteRunner.java:433)
	at org.testng.SuiteRunner.runSequentially(SuiteRunner.java:427)
	at org.testng.SuiteRunner.privateRun(SuiteRunner.java:387)
	at org.testng.SuiteRunner.run(SuiteRunner.java:330)
	at org.testng.SuiteRunnerWorker.runSuite(SuiteRunnerWorker.java:52)
	at org.testng.SuiteRunnerWorker.run(SuiteRunnerWorker.java:95)
	at org.testng.TestNG.runSuitesSequentially(TestNG.java:1256)
	at org.testng.TestNG.runSuitesLocally(TestNG.java:1176)
	at org.testng.TestNG.runSuites(TestNG.java:1099)
	at org.testng.TestNG.run(TestNG.java:1067)
	at org.apache.maven.surefire.testng.TestNGExecutor.run(TestNGExecutor.java:324)
	at org.apache.maven.surefire.testng.TestNGXmlTestSuite.execute(TestNGXmlTestSuite.java:74)
	at org.apache.maven.surefire.testng.TestNGProvider.invoke(TestNGProvider.java:123)
	at org.apache.maven.surefire.booter.ForkedBooter.runSuitesInProcess(ForkedBooter.java:456)
	at org.apache.maven.surefire.booter.ForkedBooter.execute(ForkedBooter.java:169)
	at org.apache.maven.surefire.booter.ForkedBooter.run(ForkedBooter.java:595)
	at org.apache.maven.surefire.booter.ForkedBooter.main(ForkedBooter.java:581)
]]></failure>
    <system-err><![CDATA[SLF4J: Failed to load class "org.slf4j.impl.StaticLoggerBinder".
SLF4J: Defaulting to no-operation (NOP) logger implementation
SLF4J: See http://www.slf4j.org/codes.html#StaticLoggerBinder for further details.
]]></system-err>
  </testcase>
</testsuite>